\BOOKMARK [0][-]{chapter.1}{\376\377\0001\000\040\000I\000n\000d\000e\000x\000\040\000d\000e\000s\000\040\000f\000i\000c\000h\000i\000e\000r\000s}{}% 1
\BOOKMARK [1][-]{section.1.1}{\376\377\0001\000.\0001\000\040\000L\000i\000s\000t\000e\000\040\000d\000e\000s\000\040\000f\000i\000c\000h\000i\000e\000r\000s}{chapter.1}% 2
\BOOKMARK [0][-]{chapter.2}{\376\377\0002\000\040\000D\000o\000c\000u\000m\000e\000n\000t\000a\000t\000i\000o\000n\000\040\000d\000e\000s\000\040\000f\000i\000c\000h\000i\000e\000r\000s}{}% 3
\BOOKMARK [1][-]{section.2.1}{\376\377\0002\000.\0001\000\040\000R\000\351\000f\000\351\000r\000e\000n\000c\000e\000\040\000d\000u\000\040\000f\000i\000c\000h\000i\000e\000r\000\040\000T\000o\000r\000t\000u\000i\000n\000o\000/\000T\000o\000r\000t\000u\000i\000n\000o\000.\000c\000p\000p}{chapter.2}% 4
\BOOKMARK [2][-]{subsection.2.1.1}{\376\377\0002\000.\0001\000.\0001\000\040\000D\000e\000s\000c\000r\000i\000p\000t\000i\000o\000n\000\040\000d\000\351\000t\000a\000i\000l\000l\000\351\000e}{section.2.1}% 5
\BOOKMARK [2][-]{subsection.2.1.2}{\376\377\0002\000.\0001\000.\0002\000\040\000D\000o\000c\000u\000m\000e\000n\000t\000a\000t\000i\000o\000n\000\040\000d\000e\000s\000\040\000f\000o\000n\000c\000t\000i\000o\000n\000s}{section.2.1}% 6
\BOOKMARK [3][-]{subsubsection.2.1.2.1}{\376\377\0002\000.\0001\000.\0002\000.\0001\000\040\000a\000t\000t\000e\000n\000d\000r\000e\000B\000o\000u\000t\000o\000n\000\050\000\051}{subsection.2.1.2}% 7
\BOOKMARK [3][-]{subsubsection.2.1.2.2}{\376\377\0002\000.\0001\000.\0002\000.\0002\000\040\000a\000v\000a\000n\000c\000e\000r\000\050\000\051}{subsection.2.1.2}% 8
\BOOKMARK [3][-]{subsubsection.2.1.2.3}{\376\377\0002\000.\0001\000.\0002\000.\0003\000\040\000d\000e\000s\000c\000e\000n\000d\000r\000e\000F\000e\000u\000t\000r\000e\000\050\000\051}{subsection.2.1.2}% 9
\BOOKMARK [3][-]{subsubsection.2.1.2.4}{\376\377\0002\000.\0001\000.\0002\000.\0004\000\040\000d\000i\000s\000t\000a\000n\000c\000e\000T\000o\000S\000t\000e\000p\000\050\000\051}{subsection.2.1.2}% 10
\BOOKMARK [3][-]{subsubsection.2.1.2.5}{\376\377\0002\000.\0001\000.\0002\000.\0005\000\040\000i\000n\000i\000t\000i\000a\000l\000i\000s\000e\000r\000\050\000\051\000\040\000[\0001\000/\0003\000]}{subsection.2.1.2}% 11
\BOOKMARK [3][-]{subsubsection.2.1.2.6}{\376\377\0002\000.\0001\000.\0002\000.\0006\000\040\000i\000n\000i\000t\000i\000a\000l\000i\000s\000e\000r\000\050\000\051\000\040\000[\0002\000/\0003\000]}{subsection.2.1.2}% 12
\BOOKMARK [3][-]{subsubsection.2.1.2.7}{\376\377\0002\000.\0001\000.\0002\000.\0007\000\040\000i\000n\000i\000t\000i\000a\000l\000i\000s\000e\000r\000\050\000\051\000\040\000[\0003\000/\0003\000]}{subsection.2.1.2}% 13
\BOOKMARK [3][-]{subsubsection.2.1.2.8}{\376\377\0002\000.\0001\000.\0002\000.\0008\000\040\000m\000o\000n\000t\000e\000r\000F\000e\000u\000t\000r\000e\000\050\000\051}{subsection.2.1.2}% 14
\BOOKMARK [3][-]{subsubsection.2.1.2.9}{\376\377\0002\000.\0001\000.\0002\000.\0009\000\040\000r\000e\000c\000u\000l\000e\000r\000\050\000\051}{subsection.2.1.2}% 15
\BOOKMARK [3][-]{subsubsection.2.1.2.10}{\376\377\0002\000.\0001\000.\0002\000.\0001\0000\000\040\000s\000t\000o\000p\000p\000e\000r\000\050\000\051}{subsection.2.1.2}% 16
\BOOKMARK [3][-]{subsubsection.2.1.2.11}{\376\377\0002\000.\0001\000.\0002\000.\0001\0001\000\040\000t\000o\000u\000r\000n\000e\000r\000D\000r\000o\000i\000t\000e\000\050\000\051}{subsection.2.1.2}% 17
\BOOKMARK [3][-]{subsubsection.2.1.2.12}{\376\377\0002\000.\0001\000.\0002\000.\0001\0002\000\040\000t\000o\000u\000r\000n\000e\000r\000G\000a\000u\000c\000h\000e\000\050\000\051}{subsection.2.1.2}% 18
\BOOKMARK [3][-]{subsubsection.2.1.2.13}{\376\377\0002\000.\0001\000.\0002\000.\0001\0003\000\040\000v\000i\000t\000e\000s\000s\000e\000\050\000\051}{subsection.2.1.2}% 19
\BOOKMARK [2][-]{subsection.2.1.3}{\376\377\0002\000.\0001\000.\0003\000\040\000D\000o\000c\000u\000m\000e\000n\000t\000a\000t\000i\000o\000n\000\040\000d\000e\000s\000\040\000v\000a\000r\000i\000a\000b\000l\000e\000s}{section.2.1}% 20
\BOOKMARK [3][-]{subsubsection.2.1.3.1}{\376\377\0002\000.\0001\000.\0003\000.\0001\000\040\000B\000R\000A\000Q\000U\000A\000G\000E}{subsection.2.1.3}% 21
\BOOKMARK [3][-]{subsubsection.2.1.3.2}{\376\377\0002\000.\0001\000.\0003\000.\0002\000\040\000d\000e\000l\000a\000i\000A\000p\000r\000e\000s\000B\000o\000u\000t\000o\000n}{subsection.2.1.3}% 22
\BOOKMARK [3][-]{subsubsection.2.1.3.3}{\376\377\0002\000.\0001\000.\0003\000.\0003\000\040\000d\000e\000l\000a\000i\000E\000n\000t\000r\000e\000B\000o\000u\000t\000o\000n}{subsection.2.1.3}% 23
\BOOKMARK [3][-]{subsubsection.2.1.3.4}{\376\377\0002\000.\0001\000.\0003\000.\0004\000\040\000d\000e\000l\000a\000i\000M\000o\000n\000t\000e\000r\000D\000e\000s\000c\000e\000n\000d\000r\000e}{subsection.2.1.3}% 24
\BOOKMARK [3][-]{subsubsection.2.1.3.5}{\376\377\0002\000.\0001\000.\0003\000.\0005\000\040\000F\000E\000U\000T\000R\000E\000\137\000B\000A\000S}{subsection.2.1.3}% 25
\BOOKMARK [3][-]{subsubsection.2.1.3.6}{\376\377\0002\000.\0001\000.\0003\000.\0006\000\040\000F\000E\000U\000T\000R\000E\000\137\000H\000A\000U\000T}{subsection.2.1.3}% 26
\BOOKMARK [3][-]{subsubsection.2.1.3.7}{\376\377\0002\000.\0001\000.\0003\000.\0007\000\040\000P\000E\000R\000I\000M\000E\000T\000E\000R}{subsection.2.1.3}% 27
\BOOKMARK [3][-]{subsubsection.2.1.3.8}{\376\377\0002\000.\0001\000.\0003\000.\0008\000\040\000p\000o\000r\000t\000B\000o\000u\000t\000o\000n}{subsection.2.1.3}% 28
\BOOKMARK [3][-]{subsubsection.2.1.3.9}{\376\377\0002\000.\0001\000.\0003\000.\0009\000\040\000p\000o\000r\000t\000S\000e\000r\000v\000o}{subsection.2.1.3}% 29
\BOOKMARK [3][-]{subsubsection.2.1.3.10}{\376\377\0002\000.\0001\000.\0003\000.\0001\0000\000\040\000s\000e\000r\000v\000o}{subsection.2.1.3}% 30
\BOOKMARK [3][-]{subsubsection.2.1.3.11}{\376\377\0002\000.\0001\000.\0003\000.\0001\0001\000\040\000s\000t\000e\000p\000p\000e\000r\000L\000e\000f\000t}{subsection.2.1.3}% 31
\BOOKMARK [3][-]{subsubsection.2.1.3.12}{\376\377\0002\000.\0001\000.\0003\000.\0001\0002\000\040\000s\000t\000e\000p\000p\000e\000r\000R\000i\000g\000h\000t}{subsection.2.1.3}% 32
\BOOKMARK [3][-]{subsubsection.2.1.3.13}{\376\377\0002\000.\0001\000.\0003\000.\0001\0003\000\040\000s\000t\000e\000p\000s\000P\000e\000r\000R\000e\000v\000o\000l\000u\000t\000i\000o\000n}{subsection.2.1.3}% 33
\BOOKMARK [1][-]{section.2.2}{\376\377\0002\000.\0002\000\040\000R\000\351\000f\000\351\000r\000e\000n\000c\000e\000\040\000d\000u\000\040\000f\000i\000c\000h\000i\000e\000r\000\040\000T\000o\000r\000t\000u\000i\000n\000o\000/\000T\000o\000r\000t\000u\000i\000n\000o\000.\000h}{chapter.2}% 34
\BOOKMARK [2][-]{subsection.2.2.1}{\376\377\0002\000.\0002\000.\0001\000\040\000D\000e\000s\000c\000r\000i\000p\000t\000i\000o\000n\000\040\000d\000\351\000t\000a\000i\000l\000l\000\351\000e}{section.2.2}% 35
\BOOKMARK [2][-]{subsection.2.2.2}{\376\377\0002\000.\0002\000.\0002\000\040\000D\000o\000c\000u\000m\000e\000n\000t\000a\000t\000i\000o\000n\000\040\000d\000e\000s\000\040\000f\000o\000n\000c\000t\000i\000o\000n\000s}{section.2.2}% 36
\BOOKMARK [3][-]{subsubsection.2.2.2.1}{\376\377\0002\000.\0002\000.\0002\000.\0001\000\040\000a\000t\000t\000e\000n\000d\000r\000e\000B\000o\000u\000t\000o\000n\000\050\000\051}{subsection.2.2.2}% 37
\BOOKMARK [3][-]{subsubsection.2.2.2.2}{\376\377\0002\000.\0002\000.\0002\000.\0002\000\040\000a\000v\000a\000n\000c\000e\000r\000\050\000\051}{subsection.2.2.2}% 38
\BOOKMARK [3][-]{subsubsection.2.2.2.3}{\376\377\0002\000.\0002\000.\0002\000.\0003\000\040\000d\000e\000s\000c\000e\000n\000d\000r\000e\000F\000e\000u\000t\000r\000e\000\050\000\051}{subsection.2.2.2}% 39
\BOOKMARK [3][-]{subsubsection.2.2.2.4}{\376\377\0002\000.\0002\000.\0002\000.\0004\000\040\000i\000n\000i\000t\000i\000a\000l\000i\000s\000e\000r\000\050\000\051\000\040\000[\0001\000/\0003\000]}{subsection.2.2.2}% 40
\BOOKMARK [3][-]{subsubsection.2.2.2.5}{\376\377\0002\000.\0002\000.\0002\000.\0005\000\040\000i\000n\000i\000t\000i\000a\000l\000i\000s\000e\000r\000\050\000\051\000\040\000[\0002\000/\0003\000]}{subsection.2.2.2}% 41
\BOOKMARK [3][-]{subsubsection.2.2.2.6}{\376\377\0002\000.\0002\000.\0002\000.\0006\000\040\000i\000n\000i\000t\000i\000a\000l\000i\000s\000e\000r\000\050\000\051\000\040\000[\0003\000/\0003\000]}{subsection.2.2.2}% 42
\BOOKMARK [3][-]{subsubsection.2.2.2.7}{\376\377\0002\000.\0002\000.\0002\000.\0007\000\040\000m\000o\000n\000t\000e\000r\000F\000e\000u\000t\000r\000e\000\050\000\051}{subsection.2.2.2}% 43
\BOOKMARK [3][-]{subsubsection.2.2.2.8}{\376\377\0002\000.\0002\000.\0002\000.\0008\000\040\000r\000e\000c\000u\000l\000e\000r\000\050\000\051}{subsection.2.2.2}% 44
\BOOKMARK [3][-]{subsubsection.2.2.2.9}{\376\377\0002\000.\0002\000.\0002\000.\0009\000\040\000s\000t\000o\000p\000p\000e\000r\000\050\000\051}{subsection.2.2.2}% 45
\BOOKMARK [3][-]{subsubsection.2.2.2.10}{\376\377\0002\000.\0002\000.\0002\000.\0001\0000\000\040\000t\000o\000u\000r\000n\000e\000r\000D\000r\000o\000i\000t\000e\000\050\000\051}{subsection.2.2.2}% 46
\BOOKMARK [3][-]{subsubsection.2.2.2.11}{\376\377\0002\000.\0002\000.\0002\000.\0001\0001\000\040\000t\000o\000u\000r\000n\000e\000r\000G\000a\000u\000c\000h\000e\000\050\000\051}{subsection.2.2.2}% 47
\BOOKMARK [3][-]{subsubsection.2.2.2.12}{\376\377\0002\000.\0002\000.\0002\000.\0001\0002\000\040\000v\000i\000t\000e\000s\000s\000e\000\050\000\051}{subsection.2.2.2}% 48
\BOOKMARK [1][-]{section.2.3}{\376\377\0002\000.\0003\000\040\000R\000\351\000f\000\351\000r\000e\000n\000c\000e\000\040\000d\000u\000\040\000f\000i\000c\000h\000i\000e\000r\000\040\000T\000o\000r\000t\000u\000i\000n\000o\000/\000T\000o\000r\000t\000u\000i\000n\000o\000D\000e\000s\000s\000i\000n\000s\000.\000c\000p\000p}{chapter.2}% 49
\BOOKMARK [2][-]{subsection.2.3.1}{\376\377\0002\000.\0003\000.\0001\000\040\000D\000e\000s\000c\000r\000i\000p\000t\000i\000o\000n\000\040\000d\000\351\000t\000a\000i\000l\000l\000\351\000e}{section.2.3}% 50
\BOOKMARK [2][-]{subsection.2.3.2}{\376\377\0002\000.\0003\000.\0002\000\040\000D\000o\000c\000u\000m\000e\000n\000t\000a\000t\000i\000o\000n\000\040\000d\000e\000s\000\040\000f\000o\000n\000c\000t\000i\000o\000n\000s}{section.2.3}% 51
\BOOKMARK [3][-]{subsubsection.2.3.2.1}{\376\377\0002\000.\0003\000.\0002\000.\0001\000\040\000a\000r\000b\000r\000e\000\050\000\051}{subsection.2.3.2}% 52
\BOOKMARK [3][-]{subsubsection.2.3.2.2}{\376\377\0002\000.\0003\000.\0002\000.\0002\000\040\000a\000r\000b\000r\000e\000A\000s\000y\000m\000e\000t\000r\000i\000q\000u\000e\000\050\000\051}{subsection.2.3.2}% 53
\BOOKMARK [3][-]{subsubsection.2.3.2.3}{\376\377\0002\000.\0003\000.\0002\000.\0003\000\040\000a\000r\000b\000r\000e\000S\000y\000m\000e\000t\000r\000i\000q\000u\000e\000\050\000\051}{subsection.2.3.2}% 54
\BOOKMARK [3][-]{subsubsection.2.3.2.4}{\376\377\0002\000.\0003\000.\0002\000.\0004\000\040\000c\000a\000r\000r\000e\000\050\000\051}{subsection.2.3.2}% 55
\BOOKMARK [3][-]{subsubsection.2.3.2.5}{\376\377\0002\000.\0003\000.\0002\000.\0005\000\040\000c\000e\000r\000c\000l\000e\000\050\000\051}{subsection.2.3.2}% 56
\BOOKMARK [3][-]{subsubsection.2.3.2.6}{\376\377\0002\000.\0003\000.\0002\000.\0006\000\040\000c\000o\000u\000r\000b\000e\000V\000o\000n\000K\000o\000c\000h\000\050\000\051}{subsection.2.3.2}% 57
\BOOKMARK [3][-]{subsubsection.2.3.2.7}{\376\377\0002\000.\0003\000.\0002\000.\0007\000\040\000f\000l\000o\000c\000o\000n\000\050\000\051}{subsection.2.3.2}% 58
\BOOKMARK [3][-]{subsubsection.2.3.2.8}{\376\377\0002\000.\0003\000.\0002\000.\0008\000\040\000f\000l\000o\000c\000o\000n\000V\000o\000n\000K\000o\000c\000h\000\050\000\051}{subsection.2.3.2}% 59
\BOOKMARK [3][-]{subsubsection.2.3.2.9}{\376\377\0002\000.\0003\000.\0002\000.\0009\000\040\000m\000a\000i\000s\000o\000n\000\050\000\051}{subsection.2.3.2}% 60
\BOOKMARK [3][-]{subsubsection.2.3.2.10}{\376\377\0002\000.\0003\000.\0002\000.\0001\0000\000\040\000p\000o\000l\000y\000g\000o\000n\000e\000R\000e\000g\000u\000l\000i\000e\000r\000\050\000\051}{subsection.2.3.2}% 61
\BOOKMARK [3][-]{subsubsection.2.3.2.11}{\376\377\0002\000.\0003\000.\0002\000.\0001\0001\000\040\000s\000a\000p\000i\000n\000\050\000\051}{subsection.2.3.2}% 62
\BOOKMARK [3][-]{subsubsection.2.3.2.12}{\376\377\0002\000.\0003\000.\0002\000.\0001\0002\000\040\000s\000p\000i\000r\000a\000l\000e\000C\000a\000r\000r\000e\000e\000\050\000\051}{subsection.2.3.2}% 63
\BOOKMARK [3][-]{subsubsection.2.3.2.13}{\376\377\0002\000.\0003\000.\0002\000.\0001\0003\000\040\000t\000a\000n\000g\000r\000a\000m\000\050\000\051}{subsection.2.3.2}% 64
\BOOKMARK [3][-]{subsubsection.2.3.2.14}{\376\377\0002\000.\0003\000.\0002\000.\0001\0004\000\040\000t\000r\000i\000a\000n\000g\000l\000e\000\050\000\051}{subsection.2.3.2}% 65
\BOOKMARK [3][-]{subsubsection.2.3.2.15}{\376\377\0002\000.\0003\000.\0002\000.\0001\0005\000\040\000t\000r\000i\000a\000n\000g\000l\000e\000S\000i\000e\000r\000p\000i\000n\000s\000k\000i\000\050\000\051}{subsection.2.3.2}% 66
\BOOKMARK [1][-]{section.2.4}{\376\377\0002\000.\0004\000\040\000R\000\351\000f\000\351\000r\000e\000n\000c\000e\000\040\000d\000u\000\040\000f\000i\000c\000h\000i\000e\000r\000\040\000T\000o\000r\000t\000u\000i\000n\000o\000/\000T\000o\000r\000t\000u\000i\000n\000o\000D\000e\000s\000s\000i\000n\000s\000.\000h}{chapter.2}% 67
\BOOKMARK [2][-]{subsection.2.4.1}{\376\377\0002\000.\0004\000.\0001\000\040\000D\000e\000s\000c\000r\000i\000p\000t\000i\000o\000n\000\040\000d\000\351\000t\000a\000i\000l\000l\000\351\000e}{section.2.4}% 68
\BOOKMARK [2][-]{subsection.2.4.2}{\376\377\0002\000.\0004\000.\0002\000\040\000D\000o\000c\000u\000m\000e\000n\000t\000a\000t\000i\000o\000n\000\040\000d\000e\000s\000\040\000f\000o\000n\000c\000t\000i\000o\000n\000s}{section.2.4}% 69
\BOOKMARK [3][-]{subsubsection.2.4.2.1}{\376\377\0002\000.\0004\000.\0002\000.\0001\000\040\000a\000r\000b\000r\000e\000\050\000\051}{subsection.2.4.2}% 70
\BOOKMARK [3][-]{subsubsection.2.4.2.2}{\376\377\0002\000.\0004\000.\0002\000.\0002\000\040\000a\000r\000b\000r\000e\000A\000s\000y\000m\000e\000t\000r\000i\000q\000u\000e\000\050\000\051}{subsection.2.4.2}% 71
\BOOKMARK [3][-]{subsubsection.2.4.2.3}{\376\377\0002\000.\0004\000.\0002\000.\0003\000\040\000a\000r\000b\000r\000e\000S\000y\000m\000e\000t\000r\000i\000q\000u\000e\000\050\000\051}{subsection.2.4.2}% 72
\BOOKMARK [3][-]{subsubsection.2.4.2.4}{\376\377\0002\000.\0004\000.\0002\000.\0004\000\040\000c\000a\000r\000r\000e\000\050\000\051}{subsection.2.4.2}% 73
\BOOKMARK [3][-]{subsubsection.2.4.2.5}{\376\377\0002\000.\0004\000.\0002\000.\0005\000\040\000c\000e\000r\000c\000l\000e\000\050\000\051}{subsection.2.4.2}% 74
\BOOKMARK [3][-]{subsubsection.2.4.2.6}{\376\377\0002\000.\0004\000.\0002\000.\0006\000\040\000c\000o\000u\000r\000b\000e\000V\000o\000n\000K\000o\000c\000h\000\050\000\051}{subsection.2.4.2}% 75
\BOOKMARK [3][-]{subsubsection.2.4.2.7}{\376\377\0002\000.\0004\000.\0002\000.\0007\000\040\000f\000l\000o\000c\000o\000n\000\050\000\051}{subsection.2.4.2}% 76
\BOOKMARK [3][-]{subsubsection.2.4.2.8}{\376\377\0002\000.\0004\000.\0002\000.\0008\000\040\000f\000l\000o\000c\000o\000n\000V\000o\000n\000K\000o\000c\000h\000\050\000\051}{subsection.2.4.2}% 77
\BOOKMARK [3][-]{subsubsection.2.4.2.9}{\376\377\0002\000.\0004\000.\0002\000.\0009\000\040\000m\000a\000i\000s\000o\000n\000\050\000\051}{subsection.2.4.2}% 78
\BOOKMARK [3][-]{subsubsection.2.4.2.10}{\376\377\0002\000.\0004\000.\0002\000.\0001\0000\000\040\000p\000o\000l\000y\000g\000o\000n\000e\000R\000e\000g\000u\000l\000i\000e\000r\000\050\000\051}{subsection.2.4.2}% 79
\BOOKMARK [3][-]{subsubsection.2.4.2.11}{\376\377\0002\000.\0004\000.\0002\000.\0001\0001\000\040\000s\000a\000p\000i\000n\000\050\000\051}{subsection.2.4.2}% 80
\BOOKMARK [3][-]{subsubsection.2.4.2.12}{\376\377\0002\000.\0004\000.\0002\000.\0001\0002\000\040\000s\000p\000i\000r\000a\000l\000e\000C\000a\000r\000r\000e\000e\000\050\000\051}{subsection.2.4.2}% 81
\BOOKMARK [3][-]{subsubsection.2.4.2.13}{\376\377\0002\000.\0004\000.\0002\000.\0001\0003\000\040\000t\000a\000n\000g\000r\000a\000m\000\050\000\051}{subsection.2.4.2}% 82
\BOOKMARK [3][-]{subsubsection.2.4.2.14}{\376\377\0002\000.\0004\000.\0002\000.\0001\0004\000\040\000t\000r\000i\000a\000n\000g\000l\000e\000\050\000\051}{subsection.2.4.2}% 83
\BOOKMARK [3][-]{subsubsection.2.4.2.15}{\376\377\0002\000.\0004\000.\0002\000.\0001\0005\000\040\000t\000r\000i\000a\000n\000g\000l\000e\000S\000i\000e\000r\000p\000i\000n\000s\000k\000i\000\050\000\051}{subsection.2.4.2}% 84
\BOOKMARK [0][-]{section*.55}{\376\377\000I\000n\000d\000e\000x}{}% 85
